This is LuaTeX, Version 1.10.0 (MiKTeX 2.9.7140 64-bit)  (format=lualatex 2019.9.18)  19 FEB 2020 13:43
 restricted system commands enabled.
**420-III.tex
(./420-III.tex
LaTeX2e <2018-12-01>
Lua module: luaotfload-main 2019-08-11 2.991 luaotfload entry point
Lua module: luaotfload-init 2019-08-11 2.991 luaotfload submodule / initializati
on
Lua module: lualibs 2019-08-11 2.67 ConTeXt Lua standard libraries.
Lua module: lualibs-extended 2019-08-11 2.67 ConTeXt Lua libraries -- extended c
ollection.
Lua module: luaotfload-log 2019-08-11 2.991 luaotfload submodule / logging
Lua module: luaotfload-parsers 2019-08-11 2.991 luaotfload submodule / filelist
Lua module: luaotfload-configuration 2019-08-11 2.991 luaotfload submodule / con
fig file reader
luaotfload | conf : Root cache directory is C:/Users/user/AppData/Local/MiKTeX/2
.9/luatex-cache/generic/names.
luaotfload | init : Loading fontloader “fontloader-2019-08-11.lua” from kpse
-resolved path “C:/Users/user/AppData/Local/Programs/MiKTeX 2.9/tex/luatex/lua
otfload/fontloader-2019-08-11.lua”.
Lua-only attribute luaotfload@state = 2
Lua-only attribute luaotfload@noligature = 3
Lua-only attribute luaotfload@syllabe = 4
luaotfload | init : Context OpenType loader version “3.109”
Inserting `luaotfload.node_processor' at position 1 in `pre_linebreak_filter'.
Inserting `luaotfload.node_processor' at position 1 in `hpack_filter'.
Lua module: luaotfload-loaders 2019-08-11 2.991 luaotfload submodule / callback 
handling
Inserting `luaotfload.define_font' at position 1 in `define_font'.
Lua module: luaotfload-database 2019-08-11 2.991 luaotfload submodule / database
Lua module: luaotfload-unicode 2019-08-11 2.991 luaotfload submodule / Unicode h
elpers
Lua module: luaotfload-colors 2019-08-11 2.991 luaotfload submodule / color
Lua-only attribute luaotfload_color_attribute = 5
Lua module: luaotfload-resolvers 2019-08-11 2.991 luaotfload submodule / resolve
rs
luaotfload | conf : Root cache directory is C:/Users/user/AppData/Local/MiKTeX/2
.9/luatex-cache/generic/names.
Lua module: luaotfload-features 2019-08-11 2.991 luaotfload submodule / features
Lua module: luaotfload-letterspace 2019-08-11 2.991 luaotfload submodule / color
Lua module: luaotfload-embolden 2019-08-11 2.991 luaotfload submodule / color
Lua module: luaotfload-notdef 2019-08-11 2.991 luaotfload submodule / color
Lua module: luaotfload-auxiliary 2019-08-11 2.991 luaotfload submodule / auxilia
ry functions
Inserting `luaotfload.aux.set_sscale_dimens' at position 1 in `luaotfload.patch_
font'.
Inserting `luaotfload.aux.patch_cambria_domh' at position 2 in `luaotfload.patch
_font'.
Inserting `luaotfload.aux.fixup_fontdata' at position 1 in `luaotfload.patch_fon
t_unsafe'.
Inserting `luaotfload.aux.set_capheight' at position 3 in `luaotfload.patch_font
'.
Inserting `luaotfload.aux.set_xheight' at position 4 in `luaotfload.patch_font'.
Inserting `luaotfload.rewrite_fontname' at position 5 in `luaotfload.patch_font'
.
luaotfload | main : initialization completed in 1.882 seconds
("C:/Users/user/AppData/Local/Programs/MiKTeX 2.9/tex/latex/base/article.cls"
Document Class: article 2018/09/03 v1.4i Standard LaTeX document class
("C:/Users/user/AppData/Local/Programs/MiKTeX 2.9/tex/latex/base/size10.clo"
File: size10.clo 2018/09/03 v1.4i Standard LaTeX file (size option)
luaotfload | db : Font names database loaded from C:/Users/user/AppData/Local/Mi
KTeX/2.9/luatex-cache/generic/names/luaotfload-names.luc)
\c@part=\count80
\c@section=\count81
\c@subsection=\count82
\c@subsubsection=\count83
\c@paragraph=\count84
\c@subparagraph=\count85
\c@figure=\count86
\c@table=\count87
\abovecaptionskip=\skip41
\belowcaptionskip=\skip42
\bibindent=\dimen102
)
(../Head.sty
("C:/Users/user/AppData/Local/Programs/MiKTeX 2.9/tex/latex/polyglossia/polyglo
ssia.sty"
Package: polyglossia 2019/04/04 v1.44 Alternative to Babel for XeLaTeX and LuaLa
TeX

("C:/Users/user/AppData/Local/Programs/MiKTeX 2.9/tex/latex/etoolbox/etoolbox.s
ty"
Package: etoolbox 2018/08/19 v2.5f e-TeX tools for LaTeX (JAW)
\etb@tempcnta=\count88
)
("C:/Users/user/AppData/Local/Programs/MiKTeX 2.9/tex/latex/makecmds/makecmds.s
ty"
Package: makecmds 2009/09/03 v1.0a extra command making commands
)
("C:/Users/user/AppData/Local/Programs/MiKTeX 2.9/tex/latex/xkeyval/xkeyval.sty
"
Package: xkeyval 2014/12/03 v2.7a package option processing (HA)

("C:/Users/user/AppData/Local/Programs/MiKTeX 2.9/tex/generic/xkeyval/xkeyval.t
ex"
("C:/Users/user/AppData/Local/Programs/MiKTeX 2.9/tex/generic/xkeyval/xkvutils.
tex"
\XKV@toks=\toks14
\XKV@tempa@toks=\toks15

("C:/Users/user/AppData/Local/Programs/MiKTeX 2.9/tex/generic/xkeyval/keyval.te
x"))
\XKV@depth=\count89
File: xkeyval.tex 2014/12/03 v2.7a key=value parser (HA)
))
("C:/Users/user/AppData/Local/Programs/MiKTeX 2.9/tex/latex/fontspec/fontspec.s
ty"
("C:/Users/user/AppData/Local/Programs/MiKTeX 2.9/tex/latex/l3packages/xparse/x
parse.sty"
("C:/Users/user/AppData/Local/Programs/MiKTeX 2.9/tex/latex/l3kernel/expl3.sty"
Package: expl3 2019-11-07 L3 programming layer (loader) 

("C:/Users/user/AppData/Local/Programs/MiKTeX 2.9/tex/latex/l3kernel/expl3-code
.tex"
Package: expl3 2019-11-07 L3 programming layer (code)
\c_max_int=\count90
\l_tmpa_int=\count91
\l_tmpb_int=\count92
\g_tmpa_int=\count93
\g_tmpb_int=\count94
\l__seq_internal_a_int=\count95
\l__seq_internal_b_int=\count96
\g__kernel_prg_map_int=\count97
\c__ior_term_noprompt_ior=\count98
\c_log_iow=\count99
\l_iow_line_count_int=\count100
\l__iow_line_target_int=\count101
\l__iow_one_indent_int=\count102
\l__iow_indent_int=\count103
\c_zero_dim=\dimen103
\c_max_dim=\dimen104
\l_tmpa_dim=\dimen105
\l_tmpb_dim=\dimen106
\g_tmpa_dim=\dimen107
\g_tmpb_dim=\dimen108
\c_zero_skip=\skip43
\c_max_skip=\skip44
\l_tmpa_skip=\skip45
\l_tmpb_skip=\skip46
\g_tmpa_skip=\skip47
\g_tmpb_skip=\skip48
\c_zero_muskip=\muskip10
\c_max_muskip=\muskip11
\l_tmpa_muskip=\muskip12
\l_tmpb_muskip=\muskip13
\g_tmpa_muskip=\muskip14
\g_tmpb_muskip=\muskip15
\l_keys_choice_int=\count104
\l__intarray_loop_int=\count105
\c__intarray_sp_dim=\dimen109
\g__intarray_font_int=\count106
\c__fp_leading_shift_int=\count107
\c__fp_middle_shift_int=\count108
\c__fp_trailing_shift_int=\count109
\c__fp_big_leading_shift_int=\count110
\c__fp_big_middle_shift_int=\count111
\c__fp_big_trailing_shift_int=\count112
\c__fp_Bigg_leading_shift_int=\count113
\c__fp_Bigg_middle_shift_int=\count114
\c__fp_Bigg_trailing_shift_int=\count115
\g__fp_array_int=\count116
\l__fp_array_loop_int=\count117
\l__sort_length_int=\count118
\l__sort_min_int=\count119
\l__sort_top_int=\count120
\l__sort_max_int=\count121
\l__sort_true_max_int=\count122
\l__sort_block_int=\count123
\l__sort_begin_int=\count124
\l__sort_end_int=\count125
\l__sort_A_int=\count126
\l__sort_B_int=\count127
\l__sort_C_int=\count128
\l__str_internal_int=\count129
\l__tl_analysis_normal_int=\count130
\l__tl_analysis_index_int=\count131
\l__tl_analysis_nesting_int=\count132
\l__tl_analysis_type_int=\count133
\l__regex_internal_a_int=\count134
\l__regex_internal_b_int=\count135
\l__regex_internal_c_int=\count136
\l__regex_balance_int=\count137
\l__regex_group_level_int=\count138
\l__regex_mode_int=\count139
\c__regex_cs_in_class_mode_int=\count140
\c__regex_cs_mode_int=\count141
\l__regex_catcodes_int=\count142
\l__regex_default_catcodes_int=\count143
\c__regex_catcode_L_int=\count144
\c__regex_catcode_O_int=\count145
\c__regex_catcode_A_int=\count146
\c__regex_all_catcodes_int=\count147
\l__regex_show_lines_int=\count148
\l__regex_min_state_int=\count149
\l__regex_max_state_int=\count150
\l__regex_left_state_int=\count151
\l__regex_right_state_int=\count152
\l__regex_capturing_group_int=\count153
\l__regex_min_pos_int=\count154
\l__regex_max_pos_int=\count155
\l__regex_curr_pos_int=\count156
\l__regex_start_pos_int=\count157
\l__regex_success_pos_int=\count158
\l__regex_curr_char_int=\count159
\l__regex_curr_catcode_int=\count160
\l__regex_last_char_int=\count161
\l__regex_case_changed_char_int=\count162
\l__regex_curr_state_int=\count163
\l__regex_step_int=\count164
\l__regex_min_active_int=\count165
\l__regex_max_active_int=\count166
\l__regex_replacement_csnames_int=\count167
\l__regex_match_count_int=\count168
\l__regex_min_submatch_int=\count169
\l__regex_submatch_int=\count170
\l__regex_zeroth_submatch_int=\count171
\g__regex_trace_regex_int=\count172
\c_empty_box=\box27
\l_tmpa_box=\box28
\l_tmpb_box=\box29
\g_tmpa_box=\box30
\g_tmpb_box=\box31
\l__box_top_dim=\dimen110
\l__box_bottom_dim=\dimen111
\l__box_left_dim=\dimen112
\l__box_right_dim=\dimen113
\l__box_top_new_dim=\dimen114
\l__box_bottom_new_dim=\dimen115
\l__box_left_new_dim=\dimen116
\l__box_right_new_dim=\dimen117
\l__box_internal_box=\box32
\l__coffin_internal_box=\box33
\l__coffin_internal_dim=\dimen118
\l__coffin_offset_x_dim=\dimen119
\l__coffin_offset_y_dim=\dimen120
\l__coffin_x_dim=\dimen121
\l__coffin_y_dim=\dimen122
\l__coffin_x_prime_dim=\dimen123
\l__coffin_y_prime_dim=\dimen124
\c_empty_coffin=\box34
\l__coffin_aligned_coffin=\box35
\l__coffin_aligned_internal_coffin=\box36
\l_tmpa_coffin=\box37
\l_tmpb_coffin=\box38
\g_tmpa_coffin=\box39
\g_tmpb_coffin=\box40
\l__coffin_bounding_shift_dim=\dimen125
\l__coffin_left_corner_dim=\dimen126
\l__coffin_right_corner_dim=\dimen127
\l__coffin_bottom_corner_dim=\dimen128
\l__coffin_top_corner_dim=\dimen129
\l__coffin_scaled_total_height_dim=\dimen130
\l__coffin_scaled_width_dim=\dimen131
\c__coffin_empty_coffin=\box41
\l__coffin_display_coffin=\box42
\l__coffin_display_coord_coffin=\box43
\l__coffin_display_pole_coffin=\box44
\l__coffin_display_offset_dim=\dimen132
\l__coffin_display_x_dim=\dimen133
\l__coffin_display_y_dim=\dimen134
\g__char_data_ior=\read1

("C:/Users/user/AppData/Local/Programs/MiKTeX 2.9/tex/latex/l3kernel/l3deprecat
ion.def"
File: l3deprecation.def 2019-04-06 v L3 Deprecated functions
))
("C:/Users/user/AppData/Local/Programs/MiKTeX 2.9/tex/latex/l3backend/l3backend
-pdfmode.def"
File: l3backend-pdfmode.def 2019-04-06 L3 backend support: PDF mode
\l__kernel_color_stack_int=\count173
\l__pdf_internal_box=\box45
))
Package: xparse 2019-10-11 L3 Experimental document command parser
\l__xparse_current_arg_int=\count174
\g__xparse_grabber_int=\count175
\l__xparse_m_args_int=\count176
\l__xparse_v_nesting_int=\count177
)
Package: fontspec 2019/03/15 v2.7c Font selection for XeLaTeX and LuaLaTeX
Lua module: fontspec 2019/03/15 2.7c Font selection for XeLaTeX and LuaLaTeX
("C:/Users/user/AppData/Local/Programs/MiKTeX 2.9/tex/latex/fontspec/fontspec-l
uatex.sty"
Package: fontspec-luatex 2019/03/15 v2.7c Font selection for XeLaTeX and LuaLaTe
X
\l__fontspec_script_int=\count178
\l__fontspec_language_int=\count179
\l__fontspec_strnum_int=\count180
\l__fontspec_tmp_int=\count181
\l__fontspec_tmpa_int=\count182
\l__fontspec_tmpb_int=\count183
\l__fontspec_tmpc_int=\count184
\l__fontspec_em_int=\count185
\l__fontspec_emdef_int=\count186
\l__fontspec_strong_int=\count187
\l__fontspec_strongdef_int=\count188
\l__fontspec_tmpa_dim=\dimen135
\l__fontspec_tmpb_dim=\dimen136
\l__fontspec_tmpc_dim=\dimen137

("C:/Users/user/AppData/Local/Programs/MiKTeX 2.9/tex/latex/base/fontenc.sty"
Package: fontenc 2018/08/11 v2.0j Standard LaTeX package

("C:/Users/user/AppData/Local/Programs/MiKTeX 2.9/tex/latex/base/tuenc.def"
File: tuenc.def 2018/08/11 v2.0j Standard LaTeX file
LaTeX Font Info:    Redeclaring font encoding TU on input line 82.
))
("C:/Users/user/AppData/Local/Programs/MiKTeX 2.9/tex/latex/fontspec/fontspec.c
fg")
LaTeX Info: Redefining \itshape on input line 3783.
LaTeX Info: Redefining \slshape on input line 3788.
LaTeX Info: Redefining \scshape on input line 3793.
LaTeX Info: Redefining \upshape on input line 3798.
LaTeX Info: Redefining \em on input line 3828.
LaTeX Info: Redefining \emph on input line 3853.
))
("C:/Users/user/AppData/Local/Programs/MiKTeX 2.9/tex/generic/oberdiek/ifluatex
.sty"
Package: ifluatex 2016/05/16 v1.4 Provides the ifluatex switch (HO)
Package ifluatex Info: LuaTeX detected.
)
("C:/Users/user/AppData/Local/Programs/MiKTeX 2.9/tex/generic/ifxetex/ifxetex.s
ty"
Package: ifxetex 2010/09/12 v0.6 Provides ifxetex conditional
)
("C:/Users/user/AppData/Local/Programs/MiKTeX 2.9/tex/luatex/luatexbase/luatexb
ase.sty"
Package: luatexbase 2015/10/04 v1.3 luatexbase interface to LuaTeX 

("C:/Users/user/AppData/Local/Programs/MiKTeX 2.9/tex/luatex/ctablestack/ctable
stack.sty"
Package: ctablestack 2015/10/01 v1.0 Catcode table stable support
\@catcodetablestackcnt=\count189
)
\CatcodeTableOther=\catcodetable5
\CatcodeTableExpl=\catcodetable6
)
luatex-hyphen: using data file: C:/Users/user/AppData/Roaming/MiKTeX/2.9/tex/gen
eric/config/language.dat.lua
Lua module: polyglossia 2013/05/11 1.3 Polyglossia)
("C:/Users/user/AppData/Local/Programs/MiKTeX 2.9/tex/latex/polyglossia/gloss-e
nglish.ldf"
File: gloss-english.ldf polyglossia: module for english
Module polyglossia Info: Language data for english
(polyglossia)            righthyphenmin	3
(polyglossia)            loader	hyphen.tex
(polyglossia)            hyphenation	
(polyglossia)            synonyms	table: 00000255A8DACE40
(polyglossia)            lefthyphenmin	2
(polyglossia)            patterns	
(polyglossia)            patterns:  on input line 6
Module polyglossia Info: Language english was not yet loaded; created with id 4 
on input line 6
Module polyglossia Info: Language english already loaded; id is 4 on input line 
6
)
Package polyglossia Info: Default language is english.

("C:/Users/user/AppData/Local/Programs/MiKTeX 2.9/tex/latex/microtype/microtype
.sty"
Package: microtype 2019/02/28 v2.7b Micro-typographical refinements (RS)
\MT@toks=\toks16
\MT@count=\count190
LaTeX Info: Redefining \textls on input line 790.
\MT@outer@kern=\dimen138
LaTeX Info: Redefining \textmicrotypecontext on input line 1336.
\MT@listname@count=\count191

("C:/Users/user/AppData/Local/Programs/MiKTeX 2.9/tex/latex/microtype/microtype
-luatex.def"
File: microtype-luatex.def 2019/02/28 v2.7b Definitions specific to luatex (RS)

Module microtype Warning: overwriting function `keepligature' on input line 59
LaTeX Info: Redefining \lsstyle on input line 681.
LaTeX Info: Redefining \lslig on input line 681.
\MT@outer@space=\skip49
)
Package microtype Info: Loading configuration file microtype.cfg.

("C:/Users/user/AppData/Local/Programs/MiKTeX 2.9/tex/latex/microtype/microtype
.cfg"
File: microtype.cfg 2019/02/28 v2.7b microtype main configuration file (RS)
))

LaTeX Warning: You have requested package `../Head',
               but the package provides `Head'.

Package: Head 
("C:/Users/user/AppData/Local/Programs/MiKTeX 2.9/tex/latex/base/fontenc.sty"
Package: fontenc 2018/08/11 v2.0j Standard LaTeX package

("C:/Users/user/AppData/Local/Programs/MiKTeX 2.9/tex/latex/base/t1enc.def"
File: t1enc.def 2018/08/11 v2.0j Standard LaTeX file
LaTeX Font Info:    Redeclaring font encoding T1 on input line 48.
)
LaTeX Font Info:    Try loading font information for T1+lmr on input line 105.

("C:/Users/user/AppData/Local/Programs/MiKTeX 2.9/tex/latex/lm/t1lmr.fd"
File: t1lmr.fd 2009/10/30 v1.6 Font defs for Latin Modern
))
("C:/Users/user/AppData/Local/Programs/MiKTeX 2.9/tex/latex/amsmath/amsmath.sty
"
Package: amsmath 2018/12/01 v2.17b AMS math features
\@mathmargin=\skip50

For additional information on amsmath, use the `?' option.
("C:/Users/user/AppData/Local/Programs/MiKTeX 2.9/tex/latex/amsmath/amstext.sty
"
Package: amstext 2000/06/29 v2.01 AMS text
 ("C:/Users/user/AppData/Local/Programs/MiKTeX 2.9/tex/latex/amsmath/amsgen.sty
"
File: amsgen.sty 1999/11/30 v2.0 generic functions
\@emptytoks=\toks17
\ex@=\dimen139
))
("C:/Users/user/AppData/Local/Programs/MiKTeX 2.9/tex/latex/amsmath/amsbsy.sty"
Package: amsbsy 1999/11/29 v1.2d Bold Symbols
\pmbraise@=\dimen140
) ("C:/Users/user/AppData/Local/Programs/MiKTeX 2.9/tex/latex/amsmath/amsopn.st
y"
Package: amsopn 2016/03/08 v2.02 operator names
)
\inf@bad=\count192
LaTeX Info: Redefining \frac on input line 223.
\uproot@=\count193
\leftroot@=\count194
LaTeX Info: Redefining \overline on input line 385.
\classnum@=\count195
\DOTSCASE@=\count196
LaTeX Info: Redefining \ldots on input line 482.
LaTeX Info: Redefining \dots on input line 485.
LaTeX Info: Redefining \cdots on input line 606.
\Mathstrutbox@=\box46
\strutbox@=\box47
\big@size=\dimen141
LaTeX Font Info:    Redeclaring font encoding OML on input line 729.
LaTeX Font Info:    Redeclaring font encoding OMS on input line 730.
\macc@depth=\count197
\c@MaxMatrixCols=\count198
\dotsspace@=\muskip16
\c@parentequation=\count199
\dspbrk@lvl=\count266
\tag@help=\toks18
\row@=\count267
\column@=\count268
\maxfields@=\count269
\andhelp@=\toks19
\eqnshift@=\dimen142
\alignsep@=\dimen143
\tagshift@=\dimen144
\tagwidth@=\dimen145
\totwidth@=\dimen146
\lineht@=\dimen147
\@envbody=\toks20
\multlinegap=\skip51
\multlinetaggap=\skip52
\mathdisplay@stack=\toks21
LaTeX Info: Redefining \[ on input line 2844.
LaTeX Info: Redefining \] on input line 2845.
)
("C:/Users/user/AppData/Local/Programs/MiKTeX 2.9/tex/latex/amsfonts/amsfonts.s
ty"
Package: amsfonts 2013/01/14 v3.01 Basic AMSFonts support
\symAMSa=\mathgroup4
\symAMSb=\mathgroup5
LaTeX Font Info:    Overwriting math alphabet `\mathfrak' in version `bold'
(Font)                  U/euf/m/n --> U/euf/b/n on input line 106.
)
("C:/Users/user/AppData/Local/Programs/MiKTeX 2.9/tex/latex/amscls/amsthm.sty"
Package: amsthm 2017/10/31 v2.20.4
\thm@style=\toks22
\thm@bodyfont=\toks23
\thm@headfont=\toks24
\thm@notefont=\toks25
\thm@headpunct=\toks26
\thm@preskip=\skip53
\thm@postskip=\skip54
\thm@headsep=\skip55
\dth@everypar=\toks27
)
("C:/Users/user/AppData/Local/Programs/MiKTeX 2.9/tex/latex/amsfonts/amssymb.st
y"
Package: amssymb 2013/01/14 v3.01 AMS font symbols
)
("C:/Users/user/AppData/Local/Programs/MiKTeX 2.9/tex/latex/fancyhdr/fancyhdr.s
ty"
Package: fancyhdr 2019/01/31 v3.10 Extensive control of page headers and footers

\f@nch@headwidth=\skip56
\f@nch@O@elh=\skip57
\f@nch@O@erh=\skip58
\f@nch@O@olh=\skip59
\f@nch@O@orh=\skip60
\f@nch@O@elf=\skip61
\f@nch@O@erf=\skip62
\f@nch@O@olf=\skip63
\f@nch@O@orf=\skip64
) ("C:/Users/user/AppData/Local/Programs/MiKTeX 2.9/tex/latex/was/gensymb.sty"
Package: gensymb 2003/07/02 v1.0 (WaS)
)
("C:/Users/user/AppData/Local/Programs/MiKTeX 2.9/tex/latex/arydshln/arydshln.s
ty"
Package: arydshln 2019/02/21 v1.76 
\dashlinedash=\dimen148
\dashlinegap=\dimen149
\adl@box=\box48
\adl@height=\dimen150
\adl@heightsave=\dimen151
\adl@depth=\dimen152
\adl@depthsave=\dimen153
\adl@finaldepth=\dimen154
\adl@columns=\count270
\adl@ncol=\count271
\adl@currentcolumn=\count272
\adl@currentcolumnsave=\count273
\adl@totalheight=\count274
\adl@totalheightsave=\count275
\adl@dash=\count276
\adl@gap=\count277
\adl@cla=\count278
\adl@clb=\count279
\adl@everyvbox=\toks28
\adl@LTpagetotal=\dimen155
)
("C:/Users/user/AppData/Local/Programs/MiKTeX 2.9/tex/latex/psnfss/mathptmx.sty
"
Package: mathptmx 2005/04/12 PSNFSS-v9.2a Times w/ Math, improved (SPQR, WaS) 
LaTeX Font Info:    Redeclaring symbol font `operators' on input line 28.
LaTeX Font Info:    Overwriting symbol font `operators' in version `normal'
(Font)                  OT1/cmr/m/n --> OT1/ztmcm/m/n on input line 28.
LaTeX Font Info:    Overwriting symbol font `operators' in version `bold'
(Font)                  OT1/cmr/bx/n --> OT1/ztmcm/m/n on input line 28.
LaTeX Font Info:    Redeclaring symbol font `letters' on input line 29.
LaTeX Font Info:    Overwriting symbol font `letters' in version `normal'
(Font)                  OML/cmm/m/it --> OML/ztmcm/m/it on input line 29.
LaTeX Font Info:    Overwriting symbol font `letters' in version `bold'
(Font)                  OML/cmm/b/it --> OML/ztmcm/m/it on input line 29.
LaTeX Font Info:    Redeclaring symbol font `symbols' on input line 30.
LaTeX Font Info:    Overwriting symbol font `symbols' in version `normal'
(Font)                  OMS/cmsy/m/n --> OMS/ztmcm/m/n on input line 30.
LaTeX Font Info:    Overwriting symbol font `symbols' in version `bold'
(Font)                  OMS/cmsy/b/n --> OMS/ztmcm/m/n on input line 30.
LaTeX Font Info:    Redeclaring symbol font `largesymbols' on input line 31.
LaTeX Font Info:    Overwriting symbol font `largesymbols' in version `normal'
(Font)                  OMX/cmex/m/n --> OMX/ztmcm/m/n on input line 31.
LaTeX Font Info:    Overwriting symbol font `largesymbols' in version `bold'
(Font)                  OMX/cmex/m/n --> OMX/ztmcm/m/n on input line 31.
\symbold=\mathgroup6
\symitalic=\mathgroup7
LaTeX Font Info:    Redeclaring math alphabet \mathbf on input line 34.
LaTeX Font Info:    Overwriting math alphabet `\mathbf' in version `normal'
(Font)                  OT1/cmr/bx/n --> OT1/ptm/bx/n on input line 34.
LaTeX Font Info:    Overwriting math alphabet `\mathbf' in version `bold'
(Font)                  OT1/cmr/bx/n --> OT1/ptm/bx/n on input line 34.
LaTeX Font Info:    Redeclaring math alphabet \mathit on input line 35.
LaTeX Font Info:    Overwriting math alphabet `\mathit' in version `normal'
(Font)                  OT1/cmr/m/it --> OT1/ptm/m/it on input line 35.
LaTeX Font Info:    Overwriting math alphabet `\mathit' in version `bold'
(Font)                  OT1/cmr/bx/it --> OT1/ptm/m/it on input line 35.
LaTeX Info: Redefining \hbar on input line 50.
)
("C:/Users/user/AppData/Local/Programs/MiKTeX 2.9/tex/latex/setspace/setspace.s
ty"
Package: setspace 2011/12/19 v6.7a set line spacing
)
("C:/Users/user/AppData/Local/Programs/MiKTeX 2.9/tex/latex/bigints/bigints.sty
"
Package: bigints 2010/02/15 Writing big integrals
Package bigints Info: This is Bigints by Merciadri Luca. on input line 5.
)
("C:/Users/user/AppData/Local/Programs/MiKTeX 2.9/tex/latex/mathtools/mathtools
.sty"
Package: mathtools 2019/07/31 v1.22 mathematical typesetting tools
 ("C:/Users/user/AppData/Local/Programs/MiKTeX 2.9/tex/latex/tools/calc.sty"
Package: calc 2017/05/25 v4.3 Infix arithmetic (KKT,FJ)
\calc@Acount=\count280
\calc@Bcount=\count281
\calc@Adimen=\dimen156
\calc@Bdimen=\dimen157
\calc@Askip=\skip65
\calc@Bskip=\skip66
LaTeX Info: Redefining \setlength on input line 80.
LaTeX Info: Redefining \addtolength on input line 81.
\calc@Ccount=\count282
\calc@Cskip=\skip67
)
("C:/Users/user/AppData/Local/Programs/MiKTeX 2.9/tex/latex/mathtools/mhsetup.s
ty"
Package: mhsetup 2017/03/31 v1.3 programming setup (MH)
)
LaTeX Info: Thecontrolsequence`\('isalreadyrobust on input line 129.
LaTeX Info: Thecontrolsequence`\)'isalreadyrobust on input line 129.
LaTeX Info: Thecontrolsequence`\['isalreadyrobust on input line 129.
LaTeX Info: Thecontrolsequence`\]'isalreadyrobust on input line 129.
\g_MT_multlinerow_int=\count283
\l_MT_multwidth_dim=\dimen158
\origjot=\skip68
\l_MT_shortvdotswithinadjustabove_dim=\dimen159
\l_MT_shortvdotswithinadjustbelow_dim=\dimen160
\l_MT_above_intertext_sep=\dimen161
\l_MT_below_intertext_sep=\dimen162
\l_MT_above_shortintertext_sep=\dimen163
\l_MT_below_shortintertext_sep=\dimen164
)
("C:/Users/user/AppData/Local/Programs/MiKTeX 2.9/tex/latex/xcolor/xcolor.sty"
Package: xcolor 2016/05/11 v2.12 LaTeX color extensions (UK)

("C:/Users/user/AppData/Local/Programs/MiKTeX 2.9/tex/latex/graphics-cfg/color.
cfg"
File: color.cfg 2016/01/02 v1.6 sample color configuration
)
Package xcolor Info: Driver file: luatex.def on input line 225.

("C:/Users/user/AppData/Local/Programs/MiKTeX 2.9/tex/latex/graphics-def/luatex
.def"
File: luatex.def 2018/01/08 v1.0l Graphics/color driver for luatex
)
Package xcolor Info: Model `cmy' substituted by `cmy0' on input line 1348.
Package xcolor Info: Model `hsb' substituted by `rgb' on input line 1352.
Package xcolor Info: Model `RGB' extended on input line 1364.
Package xcolor Info: Model `HTML' substituted by `rgb' on input line 1366.
Package xcolor Info: Model `Hsb' substituted by `hsb' on input line 1367.
Package xcolor Info: Model `tHsb' substituted by `hsb' on input line 1368.
Package xcolor Info: Model `HSB' substituted by `hsb' on input line 1369.
Package xcolor Info: Model `Gray' substituted by `gray' on input line 1370.
Package xcolor Info: Model `wave' substituted by `hsb' on input line 1371.
)
("C:/Users/user/AppData/Local/Programs/MiKTeX 2.9/tex/latex/geometry/geometry.s
ty"
Package: geometry 2018/04/16 v5.8 Page Geometry

("C:/Users/user/AppData/Local/Programs/MiKTeX 2.9/tex/generic/oberdiek/ifpdf.st
y"
Package: ifpdf 2018/09/07 v3.3 Provides the ifpdf switch
)
("C:/Users/user/AppData/Local/Programs/MiKTeX 2.9/tex/generic/oberdiek/ifvtex.s
ty"
Package: ifvtex 2016/05/16 v1.6 Detect VTeX and its facilities (HO)
Package ifvtex Info: VTeX not detected.
)
\Gm@cnth=\count284
\Gm@cntv=\count285
\c@Gm@tempcnt=\count286
\Gm@bindingoffset=\dimen165
\Gm@wd@mp=\dimen166
\Gm@odd@mp=\dimen167
\Gm@even@mp=\dimen168
\Gm@layoutwidth=\dimen169
\Gm@layoutheight=\dimen170
\Gm@layouthoffset=\dimen171
\Gm@layoutvoffset=\dimen172
\Gm@dimlist=\toks29

("C:/Users/user/AppData/Local/Programs/MiKTeX 2.9/tex/latex/geometry/geometry.c
fg"))
("C:/Users/user/AppData/Local/Programs/MiKTeX 2.9/tex/latex/tcolorbox/tcolorbox
.sty"
Package: tcolorbox 2019/03/02 version 4.20 text color boxes

("C:/Users/user/AppData/Local/Programs/MiKTeX 2.9/tex/latex/pgf/basiclayer/pgf.
sty"
("C:/Users/user/AppData/Local/Programs/MiKTeX 2.9/tex/latex/pgf/utilities/pgfrc
s.sty"
("C:/Users/user/AppData/Local/Programs/MiKTeX 2.9/tex/generic/pgf/utilities/pgf
util-common.tex"
\pgfutil@everybye=\toks30
\pgfutil@tempdima=\dimen173
\pgfutil@tempdimb=\dimen174

("C:/Users/user/AppData/Local/Programs/MiKTeX 2.9/tex/generic/pgf/utilities/pgf
util-common-lists.tex"))
("C:/Users/user/AppData/Local/Programs/MiKTeX 2.9/tex/generic/pgf/utilities/pgf
util-latex.def"
\pgfutil@abb=\box49

("C:/Users/user/AppData/Local/Programs/MiKTeX 2.9/tex/latex/ms/everyshi.sty"
Package: everyshi 2001/05/15 v3.00 EveryShipout Package (MS)
))
("C:/Users/user/AppData/Local/Programs/MiKTeX 2.9/tex/generic/pgf/utilities/pgf
rcs.code.tex"
("C:/Users/user/AppData/Local/Programs/MiKTeX 2.9/tex/generic/pgf/pgf.revision.
tex")
Package: pgfrcs 2019/08/03 v3.1.4b (3.1.4b)
))
Package: pgf 2019/08/03 v3.1.4b (3.1.4b)

("C:/Users/user/AppData/Local/Programs/MiKTeX 2.9/tex/latex/pgf/basiclayer/pgfc
ore.sty"
("C:/Users/user/AppData/Local/Programs/MiKTeX 2.9/tex/latex/graphics/graphicx.s
ty"
Package: graphicx 2017/06/01 v1.1a Enhanced LaTeX Graphics (DPC,SPQR)

("C:/Users/user/AppData/Local/Programs/MiKTeX 2.9/tex/latex/graphics/graphics.s
ty"
Package: graphics 2017/06/25 v1.2c Standard LaTeX Graphics (DPC,SPQR)

("C:/Users/user/AppData/Local/Programs/MiKTeX 2.9/tex/latex/graphics/trig.sty"
Package: trig 2016/01/03 v1.10 sin cos tan (DPC)
)
("C:/Users/user/AppData/Local/Programs/MiKTeX 2.9/tex/latex/graphics-cfg/graphi
cs.cfg"
File: graphics.cfg 2016/06/04 v1.11 sample graphics configuration
)
Package graphics Info: Driver file: luatex.def on input line 99.
)
\Gin@req@height=\dimen175
\Gin@req@width=\dimen176
)
("C:/Users/user/AppData/Local/Programs/MiKTeX 2.9/tex/latex/pgf/systemlayer/pgf
sys.sty"
("C:/Users/user/AppData/Local/Programs/MiKTeX 2.9/tex/generic/pgf/systemlayer/p
gfsys.code.tex"
Package: pgfsys 2019/08/03 v3.1.4b (3.1.4b)

("C:/Users/user/AppData/Local/Programs/MiKTeX 2.9/tex/generic/pgf/utilities/pgf
keys.code.tex"
\pgfkeys@pathtoks=\toks31
\pgfkeys@temptoks=\toks32

("C:/Users/user/AppData/Local/Programs/MiKTeX 2.9/tex/generic/pgf/utilities/pgf
keysfiltered.code.tex"
\pgfkeys@tmptoks=\toks33
))
\pgf@x=\dimen177
\pgf@y=\dimen178
\pgf@xa=\dimen179
\pgf@ya=\dimen180
\pgf@xb=\dimen181
\pgf@yb=\dimen182
\pgf@xc=\dimen183
\pgf@yc=\dimen184
\pgf@xd=\dimen185
\pgf@yd=\dimen186
\w@pgf@writea=\write3
\r@pgf@reada=\read2
\c@pgf@counta=\count287
\c@pgf@countb=\count288
\c@pgf@countc=\count289
\c@pgf@countd=\count290
\t@pgf@toka=\toks34
\t@pgf@tokb=\toks35
\t@pgf@tokc=\toks36
\pgf@sys@id@count=\count291

("C:/Users/user/AppData/Local/Programs/MiKTeX 2.9/tex/generic/pgf/systemlayer/p
gf.cfg"
File: pgf.cfg 2019/08/03 v3.1.4b (3.1.4b)
)
Driver file for pgf: pgfsys-luatex.def

("C:/Users/user/AppData/Local/Programs/MiKTeX 2.9/tex/generic/pgf/systemlayer/p
gfsys-luatex.def"
File: pgfsys-luatex.def 2019/08/03 v3.1.4b (3.1.4b)

("C:/Users/user/AppData/Local/Programs/MiKTeX 2.9/tex/generic/pgf/systemlayer/p
gfsys-common-pdf.def"
File: pgfsys-common-pdf.def 2019/08/03 v3.1.4b (3.1.4b)
)))
("C:/Users/user/AppData/Local/Programs/MiKTeX 2.9/tex/generic/pgf/systemlayer/p
gfsyssoftpath.code.tex"
File: pgfsyssoftpath.code.tex 2019/08/03 v3.1.4b (3.1.4b)
\pgfsyssoftpath@smallbuffer@items=\count292
\pgfsyssoftpath@bigbuffer@items=\count293
)
("C:/Users/user/AppData/Local/Programs/MiKTeX 2.9/tex/generic/pgf/systemlayer/p
gfsysprotocol.code.tex"
File: pgfsysprotocol.code.tex 2019/08/03 v3.1.4b (3.1.4b)
))
("C:/Users/user/AppData/Local/Programs/MiKTeX 2.9/tex/generic/pgf/basiclayer/pg
fcore.code.tex"
Package: pgfcore 2019/08/03 v3.1.4b (3.1.4b)

("C:/Users/user/AppData/Local/Programs/MiKTeX 2.9/tex/generic/pgf/math/pgfmath.
code.tex"
("C:/Users/user/AppData/Local/Programs/MiKTeX 2.9/tex/generic/pgf/math/pgfmathc
alc.code.tex"
("C:/Users/user/AppData/Local/Programs/MiKTeX 2.9/tex/generic/pgf/math/pgfmathu
til.code.tex")
("C:/Users/user/AppData/Local/Programs/MiKTeX 2.9/tex/generic/pgf/math/pgfmathp
arser.code.tex"
\pgfmath@dimen=\dimen187
\pgfmath@count=\count294
\pgfmath@box=\box50
\pgfmath@toks=\toks37
\pgfmath@stack@operand=\toks38
\pgfmath@stack@operation=\toks39
)
("C:/Users/user/AppData/Local/Programs/MiKTeX 2.9/tex/generic/pgf/math/pgfmathf
unctions.code.tex"
("C:/Users/user/AppData/Local/Programs/MiKTeX 2.9/tex/generic/pgf/math/pgfmathf
unctions.basic.code.tex")
("C:/Users/user/AppData/Local/Programs/MiKTeX 2.9/tex/generic/pgf/math/pgfmathf
unctions.trigonometric.code.tex")
("C:/Users/user/AppData/Local/Programs/MiKTeX 2.9/tex/generic/pgf/math/pgfmathf
unctions.random.code.tex")
("C:/Users/user/AppData/Local/Programs/MiKTeX 2.9/tex/generic/pgf/math/pgfmathf
unctions.comparison.code.tex")
("C:/Users/user/AppData/Local/Programs/MiKTeX 2.9/tex/generic/pgf/math/pgfmathf
unctions.base.code.tex")
("C:/Users/user/AppData/Local/Programs/MiKTeX 2.9/tex/generic/pgf/math/pgfmathf
unctions.round.code.tex")
("C:/Users/user/AppData/Local/Programs/MiKTeX 2.9/tex/generic/pgf/math/pgfmathf
unctions.misc.code.tex")
("C:/Users/user/AppData/Local/Programs/MiKTeX 2.9/tex/generic/pgf/math/pgfmathf
unctions.integerarithmetics.code.tex")))
("C:/Users/user/AppData/Local/Programs/MiKTeX 2.9/tex/generic/pgf/math/pgfmathf
loat.code.tex"
\c@pgfmathroundto@lastzeros=\count295
))
("C:/Users/user/AppData/Local/Programs/MiKTeX 2.9/tex/generic/pgf/math/pgfint.c
ode.tex")
("C:/Users/user/AppData/Local/Programs/MiKTeX 2.9/tex/generic/pgf/basiclayer/pg
fcorepoints.code.tex"
File: pgfcorepoints.code.tex 2019/08/03 v3.1.4b (3.1.4b)
\pgf@picminx=\dimen188
\pgf@picmaxx=\dimen189
\pgf@picminy=\dimen190
\pgf@picmaxy=\dimen191
\pgf@pathminx=\dimen192
\pgf@pathmaxx=\dimen193
\pgf@pathminy=\dimen194
\pgf@pathmaxy=\dimen195
\pgf@xx=\dimen196
\pgf@xy=\dimen197
\pgf@yx=\dimen198
\pgf@yy=\dimen199
\pgf@zx=\dimen256
\pgf@zy=\dimen257
)
("C:/Users/user/AppData/Local/Programs/MiKTeX 2.9/tex/generic/pgf/basiclayer/pg
fcorepathconstruct.code.tex"
File: pgfcorepathconstruct.code.tex 2019/08/03 v3.1.4b (3.1.4b)
\pgf@path@lastx=\dimen258
\pgf@path@lasty=\dimen259
)
("C:/Users/user/AppData/Local/Programs/MiKTeX 2.9/tex/generic/pgf/basiclayer/pg
fcorepathusage.code.tex"
File: pgfcorepathusage.code.tex 2019/08/03 v3.1.4b (3.1.4b)
\pgf@shorten@end@additional=\dimen260
\pgf@shorten@start@additional=\dimen261
)
("C:/Users/user/AppData/Local/Programs/MiKTeX 2.9/tex/generic/pgf/basiclayer/pg
fcorescopes.code.tex"
File: pgfcorescopes.code.tex 2019/08/03 v3.1.4b (3.1.4b)
\pgfpic=\box51
\pgf@hbox=\box52
\pgf@layerbox@main=\box53
\pgf@picture@serial@count=\count296
)
("C:/Users/user/AppData/Local/Programs/MiKTeX 2.9/tex/generic/pgf/basiclayer/pg
fcoregraphicstate.code.tex"
File: pgfcoregraphicstate.code.tex 2019/08/03 v3.1.4b (3.1.4b)
\pgflinewidth=\dimen262
)
("C:/Users/user/AppData/Local/Programs/MiKTeX 2.9/tex/generic/pgf/basiclayer/pg
fcoretransformations.code.tex"
File: pgfcoretransformations.code.tex 2019/08/03 v3.1.4b (3.1.4b)
\pgf@pt@x=\dimen263
\pgf@pt@y=\dimen264
\pgf@pt@temp=\dimen265
)
("C:/Users/user/AppData/Local/Programs/MiKTeX 2.9/tex/generic/pgf/basiclayer/pg
fcorequick.code.tex"
File: pgfcorequick.code.tex 2019/08/03 v3.1.4b (3.1.4b)
)
("C:/Users/user/AppData/Local/Programs/MiKTeX 2.9/tex/generic/pgf/basiclayer/pg
fcoreobjects.code.tex"
File: pgfcoreobjects.code.tex 2019/08/03 v3.1.4b (3.1.4b)
)
("C:/Users/user/AppData/Local/Programs/MiKTeX 2.9/tex/generic/pgf/basiclayer/pg
fcorepathprocessing.code.tex"
File: pgfcorepathprocessing.code.tex 2019/08/03 v3.1.4b (3.1.4b)
)
("C:/Users/user/AppData/Local/Programs/MiKTeX 2.9/tex/generic/pgf/basiclayer/pg
fcorearrows.code.tex"
File: pgfcorearrows.code.tex 2019/08/03 v3.1.4b (3.1.4b)
\pgfarrowsep=\dimen266
)
("C:/Users/user/AppData/Local/Programs/MiKTeX 2.9/tex/generic/pgf/basiclayer/pg
fcoreshade.code.tex"
File: pgfcoreshade.code.tex 2019/08/03 v3.1.4b (3.1.4b)
\pgf@max=\dimen267
\pgf@sys@shading@range@num=\count297
\pgf@shadingcount=\count298
)
("C:/Users/user/AppData/Local/Programs/MiKTeX 2.9/tex/generic/pgf/basiclayer/pg
fcoreimage.code.tex"
File: pgfcoreimage.code.tex 2019/08/03 v3.1.4b (3.1.4b)

("C:/Users/user/AppData/Local/Programs/MiKTeX 2.9/tex/generic/pgf/basiclayer/pg
fcoreexternal.code.tex"
File: pgfcoreexternal.code.tex 2019/08/03 v3.1.4b (3.1.4b)
\pgfexternal@startupbox=\box54
))
("C:/Users/user/AppData/Local/Programs/MiKTeX 2.9/tex/generic/pgf/basiclayer/pg
fcorelayers.code.tex"
File: pgfcorelayers.code.tex 2019/08/03 v3.1.4b (3.1.4b)
)
("C:/Users/user/AppData/Local/Programs/MiKTeX 2.9/tex/generic/pgf/basiclayer/pg
fcoretransparency.code.tex"
File: pgfcoretransparency.code.tex 2019/08/03 v3.1.4b (3.1.4b)
)
("C:/Users/user/AppData/Local/Programs/MiKTeX 2.9/tex/generic/pgf/basiclayer/pg
fcorepatterns.code.tex"
File: pgfcorepatterns.code.tex 2019/08/03 v3.1.4b (3.1.4b)
)
("C:/Users/user/AppData/Local/Programs/MiKTeX 2.9/tex/generic/pgf/basiclayer/pg
fcorerdf.code.tex"
File: pgfcorerdf.code.tex 2019/08/03 v3.1.4b (3.1.4b)
)))
("C:/Users/user/AppData/Local/Programs/MiKTeX 2.9/tex/generic/pgf/modules/pgfmo
duleshapes.code.tex"
File: pgfmoduleshapes.code.tex 2019/08/03 v3.1.4b (3.1.4b)
\pgfnodeparttextbox=\box55
)
("C:/Users/user/AppData/Local/Programs/MiKTeX 2.9/tex/generic/pgf/modules/pgfmo
duleplot.code.tex"
File: pgfmoduleplot.code.tex 2019/08/03 v3.1.4b (3.1.4b)
)
("C:/Users/user/AppData/Local/Programs/MiKTeX 2.9/tex/latex/pgf/compatibility/p
gfcomp-version-0-65.sty"
Package: pgfcomp-version-0-65 2019/08/03 v3.1.4b (3.1.4b)
\pgf@nodesepstart=\dimen268
\pgf@nodesepend=\dimen269
)
("C:/Users/user/AppData/Local/Programs/MiKTeX 2.9/tex/latex/pgf/compatibility/p
gfcomp-version-1-18.sty"
Package: pgfcomp-version-1-18 2019/08/03 v3.1.4b (3.1.4b)
))
("C:/Users/user/AppData/Local/Programs/MiKTeX 2.9/tex/latex/tools/verbatim.sty"
Package: verbatim 2014/10/28 v1.5q LaTeX2e package for verbatim enhancements
\every@verbatim=\toks40
\verbatim@line=\toks41
\verbatim@in@stream=\read3
)
("C:/Users/user/AppData/Local/Programs/MiKTeX 2.9/tex/latex/environ/environ.sty
"
Package: environ 2014/05/04 v0.3 A new way to define environments

("C:/Users/user/AppData/Local/Programs/MiKTeX 2.9/tex/latex/trimspaces/trimspac
es.sty"
Package: trimspaces 2009/09/17 v1.1 Trim spaces around a token list
))
\tcb@titlebox=\box56
\tcb@upperbox=\box57
\tcb@lowerbox=\box58
\tcb@phantombox=\box59
\c@tcbbreakpart=\count299
\c@tcblayer=\count300
\tcolorbox@number=\count301
\tcb@temp=\box60
\tcb@temp=\box61
\tcb@temp=\box62
\tcb@temp=\box63
\tcb@out=\write4
\tcb@record@out=\write5

("C:/Users/user/AppData/Local/Programs/MiKTeX 2.9/tex/latex/tcolorbox/tcbraster
.code.tex"
Library (tcolorbox): 'tcbraster.code.tex' version '4.20'
\c@tcbrastercolumn=\count302
\c@tcbrasterrow=\count303
\c@tcbraster=\count304
)
("C:/Users/user/AppData/Local/Programs/MiKTeX 2.9/tex/latex/tcolorbox/tcbskins.
code.tex"
Library (tcolorbox): 'tcbskins.code.tex' version '4.20'

("C:/Users/user/AppData/Local/Programs/MiKTeX 2.9/tex/latex/pgf/frontendlayer/t
ikz.sty"
("C:/Users/user/AppData/Local/Programs/MiKTeX 2.9/tex/latex/pgf/utilities/pgffo
r.sty"
("C:/Users/user/AppData/Local/Programs/MiKTeX 2.9/tex/latex/pgf/utilities/pgfke
ys.sty"
("C:/Users/user/AppData/Local/Programs/MiKTeX 2.9/tex/generic/pgf/utilities/pgf
keys.code.tex"))
("C:/Users/user/AppData/Local/Programs/MiKTeX 2.9/tex/latex/pgf/math/pgfmath.st
y"
("C:/Users/user/AppData/Local/Programs/MiKTeX 2.9/tex/generic/pgf/math/pgfmath.
code.tex"))
("C:/Users/user/AppData/Local/Programs/MiKTeX 2.9/tex/generic/pgf/utilities/pgf
for.code.tex"
Package: pgffor 2019/08/03 v3.1.4b (3.1.4b)

("C:/Users/user/AppData/Local/Programs/MiKTeX 2.9/tex/generic/pgf/math/pgfmath.
code.tex")
\pgffor@iter=\dimen270
\pgffor@skip=\dimen271
\pgffor@stack=\toks42
\pgffor@toks=\toks43
))
("C:/Users/user/AppData/Local/Programs/MiKTeX 2.9/tex/generic/pgf/frontendlayer
/tikz/tikz.code.tex"
Package: tikz 2019/08/03 v3.1.4b (3.1.4b)

("C:/Users/user/AppData/Local/Programs/MiKTeX 2.9/tex/generic/pgf/libraries/pgf
libraryplothandlers.code.tex"
File: pgflibraryplothandlers.code.tex 2019/08/03 v3.1.4b (3.1.4b)
\pgf@plot@mark@count=\count305
\pgfplotmarksize=\dimen272
)
\tikz@lastx=\dimen273
\tikz@lasty=\dimen274
\tikz@lastxsaved=\dimen275
\tikz@lastysaved=\dimen276
\tikz@lastmovetox=\dimen277
\tikz@lastmovetoy=\dimen278
\tikzleveldistance=\dimen279
\tikzsiblingdistance=\dimen280
\tikz@figbox=\box64
\tikz@figbox@bg=\box65
\tikz@tempbox=\box66
\tikz@tempbox@bg=\box67
\tikztreelevel=\count306
\tikznumberofchildren=\count307
\tikznumberofcurrentchild=\count308
\tikz@fig@count=\count309

("C:/Users/user/AppData/Local/Programs/MiKTeX 2.9/tex/generic/pgf/modules/pgfmo
dulematrix.code.tex"
File: pgfmodulematrix.code.tex 2019/08/03 v3.1.4b (3.1.4b)
\pgfmatrixcurrentrow=\count310
\pgfmatrixcurrentcolumn=\count311
\pgf@matrix@numberofcolumns=\count312
)
\tikz@expandcount=\count313

("C:/Users/user/AppData/Local/Programs/MiKTeX 2.9/tex/generic/pgf/frontendlayer
/tikz/libraries/tikzlibrarytopaths.code.tex"
File: tikzlibrarytopaths.code.tex 2019/08/03 v3.1.4b (3.1.4b)
)))
\tcb@waterbox=\box68

("C:/Users/user/AppData/Local/Programs/MiKTeX 2.9/tex/latex/tcolorbox/tcbskinsj
igsaw.code.tex"
Library (tcolorbox): 'tcbskinsjigsaw.code.tex' version '4.20'
))
("C:/Users/user/AppData/Local/Programs/MiKTeX 2.9/tex/latex/tcolorbox/tcbbreaka
ble.code.tex"
Library (tcolorbox): 'tcbbreakable.code.tex' version '4.20'
\tcb@testbox=\box69
\tcb@totalupperbox=\box70
\tcb@totallowerbox=\box71
)
("C:/Users/user/AppData/Local/Programs/MiKTeX 2.9/tex/latex/tcolorbox/tcbhooks.
code.tex"
Library (tcolorbox): 'tcbhooks.code.tex' version '4.20'
)
("C:/Users/user/AppData/Local/Programs/MiKTeX 2.9/tex/latex/tcolorbox/tcbtheore
ms.code.tex"
Library (tcolorbox): 'tcbtheorems.code.tex' version '4.20'
)
("C:/Users/user/AppData/Local/Programs/MiKTeX 2.9/tex/latex/tcolorbox/tcbfittin
g.code.tex"
Library (tcolorbox): 'tcbfitting.code.tex' version '4.20'
\tcbfitdim=\dimen281
\tcb@lowerfitdim=\dimen282
\tcb@upperfitdim=\dimen283
\tcb@cur@hbadness=\count314
)
("C:/Users/user/AppData/Local/Programs/MiKTeX 2.9/tex/latex/tcolorbox/tcbxparse
.code.tex"
Library (tcolorbox): 'tcbxparse.code.tex' version '4.20'
)
("C:/Users/user/AppData/Local/Programs/MiKTeX 2.9/tex/latex/tcolorbox/tcblistin
gsutf8.code.tex"
Library (tcolorbox): 'tcblistingsutf8.code.tex' version '4.20'

("C:/Users/user/AppData/Local/Programs/MiKTeX 2.9/tex/latex/oberdiek/listingsut
f8.sty"
Package: listingsutf8 2016/05/16 v1.3 Allow UTF-8 in listings input (HO)

("C:/Users/user/AppData/Local/Programs/MiKTeX 2.9/tex/latex/listings/listings.s
ty"
\lst@mode=\count315
\lst@gtempboxa=\box72
\lst@token=\toks44
\lst@length=\count316
\lst@currlwidth=\dimen284
\lst@column=\count317
\lst@pos=\count318
\lst@lostspace=\dimen285
\lst@width=\dimen286
\lst@newlines=\count319
\lst@lineno=\count320
\lst@maxwidth=\dimen287

("C:/Users/user/AppData/Local/Programs/MiKTeX 2.9/tex/latex/listings/lstmisc.st
y"
File: lstmisc.sty 2019/02/27 1.8b (Carsten Heinz)
\c@lstnumber=\count321
\lst@skipnumbers=\count322
\lst@framebox=\box73
)
("C:/Users/user/AppData/Local/Programs/MiKTeX 2.9/tex/latex/listings/listings.c
fg"
File: listings.cfg 2019/02/27 1.8b listings configuration
))
Package: listings 2019/02/27 1.8b (Carsten Heinz)

("C:/Users/user/AppData/Local/Programs/MiKTeX 2.9/tex/generic/oberdiek/pdftexcm
ds.sty"
Package: pdftexcmds 2019/07/25 v0.30 Utility functions of pdfTeX for LuaTeX (HO)


("C:/Users/user/AppData/Local/Programs/MiKTeX 2.9/tex/generic/oberdiek/infwarer
r.sty"
Package: infwarerr 2016/05/16 v1.4 Providing info/warning/error messages (HO)
)
("C:/Users/user/AppData/Local/Programs/MiKTeX 2.9/tex/generic/oberdiek/ltxcmds.
sty"
Package: ltxcmds 2016/05/16 v1.23 LaTeX kernel commands for general use (HO)
)
Package pdftexcmds Info: \pdf@primitive is available.
Package pdftexcmds Info: \pdf@ifprimitive is available.
Package pdftexcmds Info: \pdfdraftmode found.
\pdftexcmds@toks=\toks45
)
("C:/Users/user/AppData/Local/Programs/MiKTeX 2.9/tex/generic/oberdiek/stringen
c.sty"
Package: stringenc 2016/05/16 v1.11 Convert strings between diff. encodings (HO)


("C:/Users/user/AppData/Local/Programs/MiKTeX 2.9/tex/generic/oberdiek/pdfescap
e.sty"
Package: pdfescape 2016/05/16 v1.14 Implements pdfTeX's escape features (HO)
)))
("C:/Users/user/AppData/Local/Programs/MiKTeX 2.9/tex/latex/tcolorbox/tcblistin
gs.code.tex"
Library (tcolorbox): 'tcblistings.code.tex' version '4.20'

("C:/Users/user/AppData/Local/Programs/MiKTeX 2.9/tex/latex/tcolorbox/tcblistin
gscore.code.tex"
Library (tcolorbox): 'tcblistingscore.code.tex' version '4.20'

("C:/Users/user/AppData/Local/Programs/MiKTeX 2.9/tex/latex/tcolorbox/tcbproces
sing.code.tex"
Library (tcolorbox): 'tcbprocessing.code.tex' version '4.20'
("C:/Users/user/AppData/Local/Programs/MiKTeX 2.9/tex/latex/tools/shellesc.sty"
Package: shellesc 2016/06/07 v0.02a unified shell escape interface for LaTeX
Package shellesc Info: Restricted shell escape enabled on input line 69.
))
\c@tcblisting=\count323
)))
("C:/Users/user/AppData/Local/Programs/MiKTeX 2.9/tex/latex/tcolorbox/tcbextern
al.code.tex"
Library (tcolorbox): 'tcbexternal.code.tex' version '4.20'
)
("C:/Users/user/AppData/Local/Programs/MiKTeX 2.9/tex/latex/tcolorbox/tcbmagazi
ne.code.tex"
Library (tcolorbox): 'tcbmagazine.code.tex' version '4.20'
)
("C:/Users/user/AppData/Local/Programs/MiKTeX 2.9/tex/latex/tcolorbox/tcbvignet
te.code.tex"
Library (tcolorbox): 'tcbvignette.code.tex' version '4.20'

("C:/Users/user/AppData/Local/Programs/MiKTeX 2.9/tex/generic/pgf/frontendlayer
/tikz/libraries/tikzlibraryfadings.code.tex"
File: tikzlibraryfadings.code.tex 2019/08/03 v3.1.4b (3.1.4b)

("C:/Users/user/AppData/Local/Programs/MiKTeX 2.9/tex/generic/pgf/libraries/pgf
libraryfadings.code.tex"
File: pgflibraryfadings.code.tex 2019/08/03 v3.1.4b (3.1.4b)
)))
("C:/Users/user/AppData/Local/Programs/MiKTeX 2.9/tex/latex/tcolorbox/tcbposter
.code.tex"
Library (tcolorbox): 'tcbposter.code.tex' version '4.20'
))) (./420-III.aux
LaTeX Font Info:    Try loading font information for T1+ptm on input line 2.

("C:/Users/user/AppData/Local/Programs/MiKTeX 2.9/tex/latex/psnfss/t1ptm.fd"
File: t1ptm.fd 2001/06/04 font definitions for T1/ptm.
)
Module polyglossia Info: Language english already loaded; id is 4 on input line 
2
)
\openout1 = 420-III.aux

LaTeX Font Info:    Checking defaults for OML/cmm/m/it on input line 5.
LaTeX Font Info:    ... okay on input line 5.
LaTeX Font Info:    Checking defaults for T1/cmr/m/n on input line 5.
LaTeX Font Info:    ... okay on input line 5.
LaTeX Font Info:    Checking defaults for OT1/cmr/m/n on input line 5.
LaTeX Font Info:    ... okay on input line 5.
LaTeX Font Info:    Checking defaults for OMS/cmsy/m/n on input line 5.
LaTeX Font Info:    ... okay on input line 5.
LaTeX Font Info:    Checking defaults for TU/lmr/m/n on input line 5.
LaTeX Font Info:    ... okay on input line 5.
LaTeX Font Info:    Checking defaults for OMX/cmex/m/n on input line 5.
LaTeX Font Info:    ... okay on input line 5.
LaTeX Font Info:    Checking defaults for U/cmr/m/n on input line 5.
LaTeX Font Info:    ... okay on input line 5.
Package polyglossia Info: Option: english variant=american.
Module polyglossia Info: Language english already loaded; id is 4 on input line 
5
LaTeX Info: Redefining \microtypecontext on input line 5.
Package microtype Info: Generating PDF output.
Package microtype Info: Character protrusion enabled (level 2).
Package microtype Info: Using default protrusion set `alltext'.
Package microtype Info: Automatic font expansion enabled (level 2),
(microtype)             stretch: 20, shrink: 20, step: 1, non-selected.
Package microtype Info: Using default expansion set `basictext'.
Package microtype Info: No adjustment of tracking.
Package microtype Info: No adjustment of spacing.
Package microtype Info: No adjustment of kerning.
Package microtype Info: Redefining babel's language switching commands.

("C:/Users/user/AppData/Local/Programs/MiKTeX 2.9/tex/latex/microtype/mt-ptm.cf
g"
File: mt-ptm.cfg 2006/04/20 v1.7 microtype config. file: Times (RS)
)
LaTeX Info: Redefining \celsius on input line 5.
Package gensymb Info: Faking symbols for \degree and \celsius on input line 5.


Package gensymb Warning: Not defining \perthousand.

LaTeX Info: Redefining \ohm on input line 5.
Package gensymb Info: Using \upOmega for \ohm on input line 5.

Package gensymb Warning: Not defining \micro.


("C:/Users/user/AppData/Local/Programs/MiKTeX 2.9/tex/context/base/mkii/supp-pd
f.mkii"
[Loading MPS to PDF converter (version 2006.09.02).]
\scratchcounter=\count324
\scratchdimen=\dimen288
\scratchbox=\box74
\nofMPsegments=\count325
\nofMParguments=\count326
\everyMPshowfont=\toks46
\MPscratchCnt=\count327
\MPscratchDim=\dimen289
\MPnumerator=\count328
\makeMPintoPDFobject=\count329
\everyMPtoPDFconversion=\toks47
)
("C:/Users/user/AppData/Local/Programs/MiKTeX 2.9/tex/latex/oberdiek/epstopdf-b
ase.sty"
Package: epstopdf-base 2016/05/15 v2.6 Base part for package epstopdf

("C:/Users/user/AppData/Local/Programs/MiKTeX 2.9/tex/latex/oberdiek/grfext.sty
"
Package: grfext 2016/05/16 v1.2 Manage graphics extensions (HO)

("C:/Users/user/AppData/Local/Programs/MiKTeX 2.9/tex/generic/oberdiek/kvdefine
keys.sty"
Package: kvdefinekeys 2016/05/16 v1.4 Define keys (HO)
))
("C:/Users/user/AppData/Local/Programs/MiKTeX 2.9/tex/latex/oberdiek/kvoptions.
sty"
Package: kvoptions 2016/05/16 v3.12 Key value format for package options (HO)

("C:/Users/user/AppData/Local/Programs/MiKTeX 2.9/tex/generic/oberdiek/kvsetkey
s.sty"
Package: kvsetkeys 2016/05/16 v1.17 Key value parser (HO)

("C:/Users/user/AppData/Local/Programs/MiKTeX 2.9/tex/generic/oberdiek/etexcmds
.sty"
Package: etexcmds 2016/05/16 v1.6 Avoid name clashes with e-TeX commands (HO)
)))
Package epstopdf-base Info: Redefining graphics rule for `.eps' on input line 43
8.
Package grfext Info: Graphics extension search list:
(grfext)             [.pdf,.png,.jpg,.mps,.jpeg,.jbig2,.jb2,.PDF,.PNG,.JPG,.JPEG
,.JBIG2,.JB2,.eps]
(grfext)             \AppendGraphicsExtensions on input line 456.
)
*geometry* driver: auto-detecting
*geometry* detected driver: luatex
*geometry* verbose mode - [ preamble ] result:
* driver: luatex
* paper: <default>
* layout: <same size as paper>
* layoutoffset:(h,v)=(0.0pt,0.0pt)
* modes: 
* h-part:(L,W,R)=(72.26999pt, 469.75502pt, 72.26999pt)
* v-part:(T,H,B)=(72.26999pt, 650.43001pt, 72.26999pt)
* \paperwidth=614.295pt
* \paperheight=794.96999pt
* \textwidth=469.75502pt
* \textheight=650.43001pt
* \oddsidemargin=0.0pt
* \evensidemargin=0.0pt
* \topmargin=-37.0pt
* \headheight=12.0pt
* \headsep=25.0pt
* \topskip=10.0pt
* \footskip=30.0pt
* \marginparwidth=65.0pt
* \marginparsep=11.0pt
* \columnsep=10.0pt
* \skip\footins=9.0pt plus 4.0pt minus 2.0pt
* \hoffset=0.0pt
* \voffset=0.0pt
* \mag=1000
* \@twocolumnfalse
* \@twosidefalse
* \@mparswitchfalse
* \@reversemarginfalse
* (1in=72.27pt=25.4mm, 1cm=28.453pt)

ABD: EveryShipout initializing macros
\c@lstlisting=\count330

("C:/Users/user/AppData/Local/Programs/MiKTeX 2.9/tex/latex/base/inputenc.sty"
Package: inputenc 2018/08/11 v1.3c Input encoding file
\inpenc@prehook=\toks48
\inpenc@posthook=\toks49
)
LaTeX Font Info:    Font shape `T1/ptm/bx/n' in size <10> not available
(Font)              Font shape `T1/ptm/b/n' tried instead on input line 12.
LaTeX Font Info:    Try loading font information for OT1+ztmcm on input line 13.

("C:/Users/user/AppData/Local/Programs/MiKTeX 2.9/tex/latex/psnfss/ot1ztmcm.fd"
File: ot1ztmcm.fd 2000/01/03 Fontinst v1.801 font definitions for OT1/ztmcm.
)
Package microtype Info: Loading generic protrusion settings for font family
(microtype)             `ztmcm' (encoding: OT1).
(microtype)             For optimal results, create family-specific settings.
(microtype)             See the microtype manual for details.
LaTeX Font Info:    Try loading font information for OML+ztmcm on input line 13.

 ("C:/Users/user/AppData/Local/Programs/MiKTeX 2.9/tex/latex/psnfss/omlztmcm.fd
"
File: omlztmcm.fd 2000/01/03 Fontinst v1.801 font definitions for OML/ztmcm.
)
LaTeX Font Info:    Try loading font information for OMS+ztmcm on input line 13.


("C:/Users/user/AppData/Local/Programs/MiKTeX 2.9/tex/latex/psnfss/omsztmcm.fd"
File: omsztmcm.fd 2000/01/03 Fontinst v1.801 font definitions for OMS/ztmcm.
)
LaTeX Font Info:    Try loading font information for OMX+ztmcm on input line 13.

 ("C:/Users/user/AppData/Local/Programs/MiKTeX 2.9/tex/latex/psnfss/omxztmcm.fd
"
File: omxztmcm.fd 2000/01/03 Fontinst v1.801 font definitions for OMX/ztmcm.
)
("C:/Users/user/AppData/Local/Programs/MiKTeX 2.9/tex/latex/microtype/mt-msa.cf
g"
File: mt-msa.cfg 2006/02/04 v1.1 microtype config. file: AMS symbols (a) (RS)
)
("C:/Users/user/AppData/Local/Programs/MiKTeX 2.9/tex/latex/microtype/mt-msb.cf
g"
File: mt-msb.cfg 2005/06/01 v1.0 microtype config. file: AMS symbols (b) (RS)
)
LaTeX Font Info:    Try loading font information for OT1+ptm on input line 13.
 ("C:/Users/user/AppData/Local/Programs/MiKTeX 2.9/tex/latex/psnfss/ot1ptm.fd"
File: ot1ptm.fd 2001/06/04 font definitions for OT1/ptm.
)
LaTeX Font Info:    Font shape `OT1/ptm/bx/n' in size <10> not available
(Font)              Font shape `OT1/ptm/b/n' tried instead on input line 13.
LaTeX Font Info:    Font shape `OT1/ptm/bx/n' in size <7.4> not available
(Font)              Font shape `OT1/ptm/b/n' tried instead on input line 13.
LaTeX Font Info:    Font shape `OT1/ptm/bx/n' in size <6> not available
(Font)              Font shape `OT1/ptm/b/n' tried instead on input line 13.

Underfull \hbox (badness 10000) in paragraph at lines 18--19

 []

LaTeX Font Info:    Font shape `OT1/ptm/bx/n' in size <17.28> not available
(Font)              Font shape `OT1/ptm/b/n' tried instead on input line 19.
LaTeX Font Info:    Font shape `OT1/ptm/bx/n' in size <12> not available
(Font)              Font shape `OT1/ptm/b/n' tried instead on input line 19.

Underfull \hbox (badness 10000) in paragraph at lines 32--33

 []

[1{C:/Users/user/AppData/Local/MiKTeX/2.9/pdftex/config/pdftex.map}

]
Underfull \hbox (badness 10000) in paragraph at lines 64--65

 []


Underfull \hbox (badness 10000) in paragraph at lines 76--77

 []

[2]
Underfull \hbox (badness 10000) in paragraph at lines 91--92

 []


Underfull \hbox (badness 10000) in paragraph at lines 103--104

 []


Overfull \hbox (2.05989pt too wide) in paragraph at lines 103--104
\T1/ptm/m/n/10 An equa-tion for a plane tan-gent to the sur-face, $\OML/ztmcm/m
/it/10 w \OT1/ztmcm/m/n/10 = \OML/ztmcm/m/it/10 f\OT1/ztmcm/m/n/10 (\OML/ztmcm/
m/it/10 x; y; z\OT1/ztmcm/m/n/10 )$\T1/ptm/m/n/10 , is $\OML/ztmcm/m/it/10 w \O
T1/ztmcm/m/n/10 = \OML/ztmcm/m/it/10 f\OT1/ztmcm/m/n/10 (\OML/ztmcm/m/it/10 x[]
; y[]; z[]\OT1/ztmcm/m/n/10 ) + \OML/ztmcm/m/it/10 f[]\OT1/ztmcm/m/n/10 (\OML/z
tmcm/m/it/10 x[]; y[]; z[]\OT1/ztmcm/m/n/10 )(\OML/ztmcm/m/it/10 x \OMS/ztmcm/m
/n/10   \OML/ztmcm/m/it/10 x[]\OT1/ztmcm/m/n/10 ) + \OML/ztmcm/m/it/10 f[]\OT1/
ztmcm/m/n/10 (\OML/ztmcm/m/it/10 x[]; y[]; z[]\OT1/ztmcm/m/n/10 )(\OML/ztmcm/m/
it/10 y \OMS/ztmcm/m/n/10  
 []

[3] (./420-III.aux
Module polyglossia Info: Language english already loaded; id is 4 on input line 
2
))

Here is how much of LuaTeX's memory you used:
 35129 strings out of 494291
 125171,953878 words of node,token memory allocated
 1541 words of node memory still in use:
   31 hlist, 2 vlist, 14 rule, 2 glue, 21 kern, 1 glyph, 118 attribute, 56 glue_
spec, 118 attribute_list, 2 write, 24 pdf_literal, 24 pdf_colorstack nodes
   avail lists: 1:5,2:1625,3:603,4:31,5:262,6:22,7:2211,8:64,9:509,10:5,11:74
 38184 multiletter control sequences out of 65536+200000
 135 fonts using 13058927 bytes
 70i,13n,103p,854b,894s stack positions out of 5000i,500n,10000p,200000b,50000s
{C:/Users/user/AppData/Local/Programs/MiKTeX 2.9/fonts/enc/dvips/base/8r.enc}<C:
/Users/user/AppData/Local/Programs/MiKTeX 2.9/fonts/type1/public/amsfonts/cm/cme
x10.pfb><C:/Users/user/AppData/Local/Programs/MiKTeX 2.9/fonts/type1/public/amsf
onts/cm/cmmi10.pfb><C:/Users/user/AppData/Local/Programs/MiKTeX 2.9/fonts/type1/
public/amsfonts/cm/cmr10.pfb><C:/Users/user/AppData/Local/Programs/MiKTeX 2.9/fo
nts/type1/public/amsfonts/cm/cmsy10.pfb><C:/Users/user/AppData/Local/Programs/Mi
KTeX 2.9/fonts/type1/public/amsfonts/symbols/msbm10.pfb><C:/Users/user/AppData/L
ocal/Programs/MiKTeX 2.9/fonts/type1/urw/symbol/usyr.pfb><C:/Users/user/AppData/
Local/Programs/MiKTeX 2.9/fonts/type1/urw/times/utmb8a.pfb><C:/Users/user/AppDat
a/Local/Programs/MiKTeX 2.9/fonts/type1/urw/times/utmr8a.pfb><C:/Users/user/AppD
ata/Local/Programs/MiKTeX 2.9/fonts/type1/urw/times/utmri8a.pfb>
Output written on 420-III.pdf (3 pages, 107992 bytes).

PDF statistics: 90 PDF objects out of 1000 (max. 8388607)
 0 named destinations out of 1000 (max. 131072)
 256 words of extra memory for PDF output out of 10000 (max. 100000000)

